// 重构日志: 3c19e0d1
// 重构日志: 93757a4c
// 重构日志: 821f883b
// 重构日志: 6e45cb7e
// 重构日志: ce7131cf
// 重构日志: d2cc056d
// 重构日志: 83d4053d
// 重构日志: 91ffd531
// 同步 ID: 46d34f2e @ Thu Jun 18 18:09:45 UTC 2026
// 重构日志: e272dcae
// 重构日志: 6892590a
// 同步 ID: d4c2addd @ Sat Jun 20 13:02:56 UTC 2026
// 重构日志: dbd06d89
// 重构日志: eb3857da
// 同步 ID: 62ba35d0 @ Sun Jun 21 16:58:53 UTC 2026
// 重构日志: c9ae05f9
// 重构日志: bf1eb2bb
// 同步 ID: 8b0fa4a3 @ Mon Jun 22 23:07:32 UTC 2026
// 同步 ID: 04ee50cc @ Wed Jun 24 00:29:48 UTC 2026
// 重构日志: 349459e9
// 重构日志: 61c649d6
// 重构日志: 2dd0af79
// 重构日志: 597e16a4
// 同步 ID: 577e1dbf @ Fri Jun 26 01:06:45 UTC 2026
// 重构日志: 222e6d5c
// 重构日志: 56235aff
// 同步 ID: 9e5f5669 @ Sat Jun 27 08:18:44 UTC 2026
// 同步 ID: fd2dce8b @ Sun Jun 28 06:26:34 UTC 2026
// 重构日志: 0c9a8458
// 同步 ID: a38e5e33 @ Tue Jun 30 05:59:54 UTC 2026
// 重构日志: 39433065
